<?xml version="1.0" encoding="UTF-8"?>
<testsuite xmlns:xsi="http://www.w3.org/2001/XMLSchema-instance" xsi:noNamespaceSchemaLocation="https://maven.apache.org/surefire/maven-surefire-plugin/xsd/surefire-test-report-3.0.xsd" version="3.0" name="com.driver.JSONDatabaseTest" time="0.145" tests="6" errors="0" skipped="0" failures="0">
  <properties>
[...]
</properties>
  <testcase name="testInsertUser" classname="com.driver.JSONDatabaseTest" time="0.036">
    <system-out><![CDATA[[TEST] [Thread-1] Database initialized for testing!
[THREAD] [Thread-30] Thread 30 is inserting/updating Alice
[INFO] [Thread-30] Thread 30 created new collection directory: users
[SUCCESS] [Thread-30] Thread 30 inserted/updated Alice in collection: users
[THREAD] [Thread-31] Thread 31 is reading Alice
[INFO] [Thread-31] Thread 31 reading data from: ./test_database/users/Alice.json
[TEST] [Thread-1] testInsertUser passed!
]]></system-out>
  </testcase>
  <testcase name="testReadUser" classname="com.driver.JSONDatabaseTest" time="0.001">
    <system-out><![CDATA[[THREAD] [Thread-32] Thread 32 is reading Alice
[INFO] [Thread-32] Thread 32 reading data from: ./test_database/users/Alice.json
[TEST] [Thread-1] testReadUser passed!
]]></system-out>
  </testcase>
  <testcase name="testReadAllUsers" classname="com.driver.JSONDatabaseTest" time="0.005">
    <system-out><![CDATA[[THREAD] [Thread-33] Thread 33 is reading all from collection: users
[SUCCESS] [Thread-33] Thread 33 read 1 records from collection: users
[TEST] [Thread-1] testReadAllUsers passed!
]]></system-out>
  </testcase>
  <testcase name="testUpdateUser" classname="com.driver.JSONDatabaseTest" time="0.002">
    <system-out><![CDATA[[THREAD] [Thread-34] Thread 34 is reading Alice
[INFO] [Thread-34] Thread 34 reading data from: ./test_database/users/Alice.json
[THREAD] [Thread-35] Thread 35 is inserting/updating Alice
[SUCCESS] [Thread-35] Thread 35 inserted/updated Alice in collection: users
[THREAD] [Thread-36] Thread 36 is reading Alice
[INFO] [Thread-36] Thread 36 reading data from: ./test_database/users/Alice.json
[TEST] [Thread-1] testUpdateUser passed!
]]></system-out>
  </testcase>
  <testcase name="testDeleteUser" classname="com.driver.JSONDatabaseTest" time="0.001">
    <system-out><![CDATA[[THREAD] [Thread-37] Thread 37 is deleting Alice
[SUCCESS] [Thread-37] Thread 37 deleted resource: ./test_database/users/Alice.json
[THREAD] [Thread-38] Thread 38 is reading Alice
[ERROR] [Thread-38] File not found: ./test_database/users/Alice.json
[TEST] [Thread-1] testDeleteUser passed!
]]></system-out>
  </testcase>
  <testcase name="testReadMissingUser" classname="com.driver.JSONDatabaseTest" time="0.001">
    <system-out><![CDATA[[THREAD] [Thread-39] Thread 39 is reading Bob
[ERROR] [Thread-39] File not found: ./test_database/users/Bob.json
[TEST] [Thread-1] testReadMissingUser passed!
]]></system-out>
  </testcase>
</testsuite>