<?xml version="1.0" encoding="UTF-8"?>
<testsuite xmlns:xsi="http://www.w3.org/2001/XMLSchema-instance" xsi:noNamespaceSchemaLocation="https://maven.apache.org/surefire/maven-surefire-plugin/xsd/surefire-test-report-3.0.xsd" version="3.0" name="com.driver.JSONDatabaseTest" time="0.134" tests="6" errors="0" skipped="0" failures="0">
  <properties>
[...]
</properties>
  <testcase name="testInsertUser" classname="com.driver.JSONDatabaseTest" time="0.034">
    <system-out><![CDATA[[INFO] Database directory created at: ./test_database
[INFO] Created new collection directory: users
[SUCCESS] Inserted/Updated: Alice in collection: users
[INFO] Reading data from: ./test_database/users/Alice.json
[TEST] testInsertUser passed!
]]></system-out>
  </testcase>
  <testcase name="testReadUser" classname="com.driver.JSONDatabaseTest" time="0.002">
    <system-out><![CDATA[[INFO] Reading data from: ./test_database/users/Alice.json
[TEST] testReadUser passed!
]]></system-out>
  </testcase>
  <testcase name="testReadAllUsers" classname="com.driver.JSONDatabaseTest" time="0.005">
    <system-out><![CDATA[[SUCCESS] Read 1 records from collection: users
[TEST] testReadAllUsers passed!
]]></system-out>
  </testcase>
  <testcase name="testUpdateUser" classname="com.driver.JSONDatabaseTest" time="0.002">
    <system-out><![CDATA[[INFO] Reading data from: ./test_database/users/Alice.json
[SUCCESS] Inserted/Updated: Alice in collection: users
[INFO] Reading data from: ./test_database/users/Alice.json
[TEST] testUpdateUser passed!
]]></system-out>
  </testcase>
  <testcase name="testDeleteUser" classname="com.driver.JSONDatabaseTest" time="0.002">
    <system-out><![CDATA[[SUCCESS] Deleted resource: ./test_database/users/Alice.json
[ERROR] File not found: ./test_database/users/Alice.json
[TEST] testDeleteUser passed!
]]></system-out>
  </testcase>
  <testcase name="testReadMissingUser" classname="com.driver.JSONDatabaseTest" time="0.001">
    <system-out><![CDATA[[ERROR] File not found: ./test_database/users/Bob.json
[TEST] testReadMissingUser passed!
]]></system-out>
  </testcase>
</testsuite>